Arguments: 
  C:\Program Files\nodejs\node.exe C:\Program Files (x86)\Yarn\bin\yarn.js init

PATH: 
  C:\Program Files (x86)\Microsoft SDKs\Azure\CLI2\wbin;C:\Program Files\Oculus\Support\oculus-runtime;C:\Program Files (x86)\Common Files\Oracle\Java\javapath;C:\Windows\system32;C:\Windows;C:\Windows\System32\Wbem;C:\Windows\System32\WindowsPowerShell\v1.0;C:\Windows\System32\OpenSSH;C:\Program Files (x86)\NVIDIA Corporation\PhysX\Common;C:\WINDOWS\system32;C:\WINDOWS;C:\WINDOWS\System32\Wbem;C:\WINDOWS\System32\WindowsPowerShell\v1.0\;C:\WINDOWS\System32\OpenSSH\;C:\Program Files\NVIDIA Corporation\NVIDIA NvDLISR;C:\Program Files\Java\jdk-12\bin;C:\Program Files\Git\cmd;C:\Program Files (x86)\Brackets\command;C:\WINDOWS\system32;C:\WINDOWS;C:\WINDOWS\System32\Wbem;C:\WINDOWS\System32\WindowsPowerShell\v1.0\;C:\WINDOWS\System32\OpenSSH\;C:\Users\karma\AppData\Local\Microsoft\WindowsApps;C:\Users\karma\AppData\Local\GitHubDesktop\bin;C:\Users\karma\AppData\Local\Microsoft\WindowsApps;C:\Users\karma\Desktop\instantclient_19_6;C:\adb;C:\Program Files\dotnet\;C:\Program Files\Microsoft SQL Server\130\Tools\Binn\;C:\Program Files\Microsoft SQL Server\Client SDK\ODBC\170\Tools\Binn\;C:\Program Files\nodejs\;C:\Program Files (x86)\Yarn\bin\;C:\Users\karma\AppData\Local\Microsoft\WindowsApps;C:\Users\karma\AppData\Local\GitHubDesktop\bin;C:\Users\karma\AppData\Local\Microsoft\WindowsApps;C:\Users\karma\Desktop\instantclient_19_6;C:\Users\karma\AppData\Roaming\npm;C:\Users\karma\AppData\Local\Programs\Microsoft VS Code\bin;C:\Users\karma\AppData\Local\Yarn\bin

Yarn version: 
  1.22.4

Node version: 
  12.16.3

Platform: 
  win32 x64

Trace: 
  Error: canceled
      at Interface.<anonymous> (C:\Program Files (x86)\Yarn\lib\cli.js:137008:13)
      at Interface.emit (events.js:310:20)
      at Interface._ttyWrite (readline.js:893:16)
      at ReadStream.onkeypress (readline.js:198:10)
      at ReadStream.emit (events.js:310:20)
      at emitKeys (internal/readline/utils.js:438:14)
      at emitKeys.next (<anonymous>)
      at ReadStream.onData (readline.js:1160:36)
      at ReadStream.emit (events.js:310:20)
      at addChunk (_stream_readable.js:286:12)

npm manifest: 
  {
    "name": "movie-searcher",
    "version": "1.0.0",
    "main": "index.js",
    "repository": "https://github.com/karmanbadhesha/Movie-Searcher.git",
    "author": "Karman Badhesha",
    "license": "MIT",
    "scripts": {
      "build": "node ./scripts/create-env.js && next build",
      "heroku-postbuild": "node ./scripts/create-env.js && next build",
      "start": "node server.js"
    },
    "dependencies": {
      "@appbaseio/reactivesearch": "^3.10.0",
      "@emotion/babel-preset-css-prop": "^10.0.27",
      "@emotion/core": "^10.0.28",
      "@emotion/styled": "^10.0.27",
      "antd": "^3.26.17",
      "appbase-js": "^4.1.0",
      "auth0-js": "^9.13.2",
      "emotion": "^10.0.27",
      "emotion-server": "^10.0.27",
      "express": "^4.17.1",
      "lodash": "^4.17.15",
      "lru-cache": "^5.1.1",
      "next": "^9.4.2",
      "next-transpile-modules": "^2.3.1",
      "react": "^16.13.1",
      "react-dom": "^16.13.1",
      "react-progressive-image": "^0.6.0",
      "react-redux": "^7.2.0",
      "react-stripe-checkout": "^2.6.3",
      "redux": "^4.0.5",
      "redux-persist": "^6.0.0",
      "redux-thunk": "^2.3.0",
      "reselect": "^4.0.0",
      "@zeit/next-css": "^1.0.1",
      "babel-eslint": "^10.1.0",
      "babel-plugin-import": "^1.13.0",
      "dotenv": "^8.2.0",
      "eslint": "^7.1.0",
      "eslint-config-airbnb": "^18.1.0",
      "eslint-plugin-babel": "^5.3.0",
      "eslint-plugin-import": "^2.20.2",
      "eslint-plugin-jsx-a11y": "^6.2.3",
      "eslint-plugin-react": "^7.20.0",
      "next-workbox-webpack-plugin": "^2.1.1",
      "prettier": "^2.0.5",
      "prop-types": "^15.7.2",
      "redux-devtools-extension": "^2.13.8",
      "redux-logger": "^3.0.6",
      "webpack": "^4.43.0",
      "webpack-pwa-manifest": "^4.2.0"
    }
  }

yarn manifest: 
  No manifest

Lockfile: 
  No lockfile
